<?xml version="1.0" encoding="UTF-8"?>
<!-- Generated by org.testng.reporters.JUnitXMLReporter -->
<testsuite ignored="2" hostname="DESKTOP-H2J9PSJ" failures="0" tests="2" name="Test" time="7.696" errors="0" timestamp="2024-06-18T11:22:26 IST">
  <testcase classname="cartestng.Ferrari" name="launch" time="4.132"/>
  <testcase classname="cartestng.Lamborghini" name="launch" time="3.513"/>
  <testcase classname="cartestng.Ford" name="launch" time="0.0">
    <ignored/>
  </testcase> <!-- launch -->
  <testcase classname="cartestng.TataMotors" name="launch" time="0.0">
    <ignored/>
  </testcase> <!-- launch -->
</testsuite> <!-- Test -->
