<?xml version="1.0" encoding="UTF-8"?>
<testng-results ignored="2" total="4" passed="2" failed="0" skipped="0">
  <reporter-output>
    <line>
      <![CDATA[ferrari launched]]>
    </line>
    <line>
      <![CDATA[lamborghini launched]]>
    </line>
  </reporter-output>
  <suite started-at="2024-06-18T11:22:18 IST" name="Suite" finished-at="2024-06-18T11:22:26 IST" duration-ms="7696">
    <groups>
      <group name="smoke">
        <method signature="Ferrari.launch()[pri:0, instance:cartestng.Ferrari@6580cfdd]" name="launch" class="cartestng.Ferrari"/>
        <method signature="Lamborghini.launch()[pri:0, instance:cartestng.Lamborghini@3911c2a7]" name="launch" class="cartestng.Lamborghini"/>
      </group> <!-- smoke -->
    </groups>
    <test started-at="2024-06-18T11:22:18 IST" name="Test" finished-at="2024-06-18T11:22:26 IST" duration-ms="7696">
      <class name="cartestng.Lamborghini">
        <test-method signature="launch()[pri:0, instance:cartestng.Lamborghini@3911c2a7]" started-at="2024-06-18T11:22:22 IST" name="launch" finished-at="2024-06-18T11:22:26 IST" duration-ms="3513" status="PASS">
          <reporter-output>
            <line>
              <![CDATA[lamborghini launched]]>
            </line>
          </reporter-output>
        </test-method> <!-- launch -->
      </class> <!-- cartestng.Lamborghini -->
      <class name="cartestng.Ferrari">
        <test-method signature="launch()[pri:0, instance:cartestng.Ferrari@6580cfdd]" started-at="2024-06-18T11:22:18 IST" name="launch" finished-at="2024-06-18T11:22:22 IST" duration-ms="4132" status="PASS">
          <reporter-output>
            <line>
              <![CDATA[ferrari launched]]>
            </line>
          </reporter-output>
        </test-method> <!-- launch -->
      </class> <!-- cartestng.Ferrari -->
    </test> <!-- Test -->
  </suite> <!-- Suite -->
</testng-results>
